2011-05-27 16:42:38 Notice: Notice (1024): Please change the value of 'Security.salt' in app/config/core.php to a salt value specific to your application in [/home/serkan/www/cake/libs/debugger.php, line 684]
2011-05-27 16:42:38 Notice: Notice (1024): Please change the value of 'Security.cipherSeed' in app/config/core.php to a numeric (digits only) seed value specific to your application in [/home/serkan/www/cake/libs/debugger.php, line 688]
2011-05-27 16:43:06 Notice: Notice (1024): Please change the value of 'Security.salt' in app/config/core.php to a salt value specific to your application in [/home/serkan/www/cake/libs/debugger.php, line 684]
2011-05-27 16:43:06 Notice: Notice (1024): Please change the value of 'Security.cipherSeed' in app/config/core.php to a numeric (digits only) seed value specific to your application in [/home/serkan/www/cake/libs/debugger.php, line 688]
2011-05-27 16:43:07 Notice: Notice (1024): Please change the value of 'Security.salt' in app/config/core.php to a salt value specific to your application in [/home/serkan/www/cake/libs/debugger.php, line 684]
2011-05-27 16:43:07 Notice: Notice (1024): Please change the value of 'Security.cipherSeed' in app/config/core.php to a numeric (digits only) seed value specific to your application in [/home/serkan/www/cake/libs/debugger.php, line 688]
2011-05-27 16:43:12 Notice: Notice (1024): Please change the value of 'Security.salt' in app/config/core.php to a salt value specific to your application in [/home/serkan/www/cake/libs/debugger.php, line 684]
2011-05-27 16:43:12 Notice: Notice (1024): Please change the value of 'Security.cipherSeed' in app/config/core.php to a numeric (digits only) seed value specific to your application in [/home/serkan/www/cake/libs/debugger.php, line 688]
2011-05-27 16:43:13 Notice: Notice (1024): Please change the value of 'Security.salt' in app/config/core.php to a salt value specific to your application in [/home/serkan/www/cake/libs/debugger.php, line 684]
2011-05-27 16:43:13 Notice: Notice (1024): Please change the value of 'Security.cipherSeed' in app/config/core.php to a numeric (digits only) seed value specific to your application in [/home/serkan/www/cake/libs/debugger.php, line 688]
2011-05-27 16:44:07 Notice: Notice (1024): Please change the value of 'Security.salt' in app/config/core.php to a salt value specific to your application in [/home/serkan/www/cake/libs/debugger.php, line 684]
2011-05-27 16:44:07 Notice: Notice (1024): Please change the value of 'Security.cipherSeed' in app/config/core.php to a numeric (digits only) seed value specific to your application in [/home/serkan/www/cake/libs/debugger.php, line 688]
2011-05-27 16:44:09 Notice: Notice (1024): Please change the value of 'Security.salt' in app/config/core.php to a salt value specific to your application in [/home/serkan/www/cake/libs/debugger.php, line 684]
2011-05-27 16:44:09 Notice: Notice (1024): Please change the value of 'Security.cipherSeed' in app/config/core.php to a numeric (digits only) seed value specific to your application in [/home/serkan/www/cake/libs/debugger.php, line 688]
2011-05-27 16:44:11 Notice: Notice (1024): Please change the value of 'Security.salt' in app/config/core.php to a salt value specific to your application in [/home/serkan/www/cake/libs/debugger.php, line 684]
2011-05-27 16:44:11 Notice: Notice (1024): Please change the value of 'Security.cipherSeed' in app/config/core.php to a numeric (digits only) seed value specific to your application in [/home/serkan/www/cake/libs/debugger.php, line 688]
2011-05-27 16:44:12 Notice: Notice (1024): Please change the value of 'Security.salt' in app/config/core.php to a salt value specific to your application in [/home/serkan/www/cake/libs/debugger.php, line 684]
2011-05-27 16:44:12 Notice: Notice (1024): Please change the value of 'Security.cipherSeed' in app/config/core.php to a numeric (digits only) seed value specific to your application in [/home/serkan/www/cake/libs/debugger.php, line 688]
2011-05-27 16:44:12 Notice: Notice (1024): Please change the value of 'Security.salt' in app/config/core.php to a salt value specific to your application in [/home/serkan/www/cake/libs/debugger.php, line 684]
2011-05-27 16:44:12 Notice: Notice (1024): Please change the value of 'Security.cipherSeed' in app/config/core.php to a numeric (digits only) seed value specific to your application in [/home/serkan/www/cake/libs/debugger.php, line 688]
2011-05-27 16:44:12 Notice: Notice (1024): Please change the value of 'Security.salt' in app/config/core.php to a salt value specific to your application in [/home/serkan/www/cake/libs/debugger.php, line 684]
2011-05-27 16:44:12 Notice: Notice (1024): Please change the value of 'Security.cipherSeed' in app/config/core.php to a numeric (digits only) seed value specific to your application in [/home/serkan/www/cake/libs/debugger.php, line 688]
2011-05-27 16:44:12 Notice: Notice (1024): Please change the value of 'Security.salt' in app/config/core.php to a salt value specific to your application in [/home/serkan/www/cake/libs/debugger.php, line 684]
2011-05-27 16:44:12 Notice: Notice (1024): Please change the value of 'Security.cipherSeed' in app/config/core.php to a numeric (digits only) seed value specific to your application in [/home/serkan/www/cake/libs/debugger.php, line 688]
2011-05-27 16:44:29 Notice: Notice (1024): Please change the value of 'Security.salt' in app/config/core.php to a salt value specific to your application in [/home/serkan/www/cake/libs/debugger.php, line 684]
2011-05-27 16:44:29 Notice: Notice (1024): Please change the value of 'Security.cipherSeed' in app/config/core.php to a numeric (digits only) seed value specific to your application in [/home/serkan/www/cake/libs/debugger.php, line 688]
2011-05-27 16:44:30 Notice: Notice (1024): Please change the value of 'Security.salt' in app/config/core.php to a salt value specific to your application in [/home/serkan/www/cake/libs/debugger.php, line 684]
2011-05-27 16:44:30 Notice: Notice (1024): Please change the value of 'Security.cipherSeed' in app/config/core.php to a numeric (digits only) seed value specific to your application in [/home/serkan/www/cake/libs/debugger.php, line 688]
2011-05-27 16:46:01 Notice: Notice (1024): Please change the value of 'Security.salt' in app/config/core.php to a salt value specific to your application in [/home/serkan/www/cake/libs/debugger.php, line 684]
2011-05-27 16:46:01 Notice: Notice (1024): Please change the value of 'Security.cipherSeed' in app/config/core.php to a numeric (digits only) seed value specific to your application in [/home/serkan/www/cake/libs/debugger.php, line 688]
2011-05-27 16:46:03 Notice: Notice (1024): Please change the value of 'Security.salt' in app/config/core.php to a salt value specific to your application in [/home/serkan/www/cake/libs/debugger.php, line 684]
2011-05-27 16:46:03 Notice: Notice (1024): Please change the value of 'Security.cipherSeed' in app/config/core.php to a numeric (digits only) seed value specific to your application in [/home/serkan/www/cake/libs/debugger.php, line 688]
2011-05-30 18:05:03 Notice: Notice (8): Trying to get property of non-object in [/home/serkan/www/app/controllers/users_controller.php, line 11]
2011-05-30 18:06:22 Notice: Notice (8): Undefined variable: url in [/home/serkan/www/cake/libs/controller/controller.php, line 975]
2011-05-30 18:24:00 Notice: Notice (8): Undefined variable: user in [/home/serkan/www/app/views/home/index.ctp, line 1]
2011-05-30 18:27:37 Notice: Notice (8): Undefined property: HomeController::$User in [/home/serkan/www/app/controllers/home_controller.php, line 11]
2011-05-30 18:27:39 Notice: Notice (8): Undefined property: HomeController::$User in [/home/serkan/www/app/controllers/home_controller.php, line 11]
